  Main.cpp
C:\Users\Shinpu\Desktop\STUDIA2021\SEM4\jpo\projekt\TowerDefense\TowerDefense\TowerDefense\Utils.h(23,19): warning C4244: 'argument': conversion from 'time_t' to 'unsigned int', possible loss of data
C:\Users\Shinpu\Desktop\STUDIA2021\SEM4\jpo\projekt\TowerDefense\TowerDefense\TowerDefense\Utils.h(43,38): warning C4244: 'argument': conversion from 'int' to 'T', possible loss of data
          with
          [
              T=float
          ]
C:\Users\Shinpu\Desktop\STUDIA2021\SEM4\jpo\projekt\TowerDefense\TowerDefense\TowerDefense\Utils.h(43,35): warning C4244: 'argument': conversion from 'int' to 'T', possible loss of data
          with
          [
              T=float
          ]
C:\Users\Shinpu\Desktop\STUDIA2021\SEM4\jpo\projekt\TowerDefense\TowerDefense\TowerDefense\Utils.h(69,20): warning C4244: 'return': conversion from 'double' to 'float', possible loss of data
C:\Users\Shinpu\Desktop\STUDIA2021\SEM4\jpo\projekt\TowerDefense\TowerDefense\TowerDefense\GameObject.h(57,57): warning C4244: 'argument': conversion from 'int' to 'float', possible loss of data
C:\Users\Shinpu\Desktop\STUDIA2021\SEM4\jpo\projekt\TowerDefense\TowerDefense\TowerDefense\GameObject.h(57,52): warning C4244: 'argument': conversion from 'int' to 'float', possible loss of data
C:\Users\Shinpu\Desktop\STUDIA2021\SEM4\jpo\projekt\TowerDefense\TowerDefense\TowerDefense\GameObject.h(68,98): warning C4244: 'argument': conversion from 'T' to 'T', possible loss of data
          with
          [
              T=unsigned int
          ]
          and
          [
              T=float
          ]
C:\Users\Shinpu\Desktop\STUDIA2021\SEM4\jpo\projekt\TowerDefense\TowerDefense\TowerDefense\GameObject.h(68,64): warning C4244: 'argument': conversion from 'T' to 'T', possible loss of data
          with
          [
              T=unsigned int
          ]
          and
          [
              T=float
          ]
C:\Users\Shinpu\Desktop\STUDIA2021\SEM4\jpo\projekt\TowerDefense\TowerDefense\TowerDefense\Button.h(34,57): warning C4244: 'argument': conversion from 'T' to 'T', possible loss of data
          with
          [
              T=int
          ]
          and
          [
              T=float
          ]
C:\Users\Shinpu\Desktop\STUDIA2021\SEM4\jpo\projekt\TowerDefense\TowerDefense\TowerDefense\Button.h(34,45): warning C4244: 'argument': conversion from 'T' to 'T', possible loss of data
          with
          [
              T=int
          ]
          and
          [
              T=float
          ]
C:\Users\Shinpu\Desktop\STUDIA2021\SEM4\jpo\projekt\TowerDefense\TowerDefense\TowerDefense\Button.h(57,49): warning C4244: 'argument': conversion from 'T' to 'int', possible loss of data
          with
          [
              T=float
          ]
C:\Users\Shinpu\Desktop\STUDIA2021\SEM4\jpo\projekt\TowerDefense\TowerDefense\TowerDefense\Button.h(57,38): warning C4244: 'argument': conversion from 'T' to 'int', possible loss of data
          with
          [
              T=float
          ]
C:\Users\Shinpu\Desktop\STUDIA2021\SEM4\jpo\projekt\TowerDefense\TowerDefense\TowerDefense\World.h(21,13): warning C4244: 'argument': conversion from 'time_t' to 'unsigned int', possible loss of data
C:\Users\Shinpu\Desktop\STUDIA2021\SEM4\jpo\projekt\TowerDefense\TowerDefense\TowerDefense\World.h(50,56): warning C4244: 'argument': conversion from 'int' to 'T', possible loss of data
          with
          [
              T=float
          ]
C:\Users\Shinpu\Desktop\STUDIA2021\SEM4\jpo\projekt\TowerDefense\TowerDefense\TowerDefense\World.h(50,53): warning C4244: 'argument': conversion from 'int' to 'T', possible loss of data
          with
          [
              T=float
          ]
C:\Users\Shinpu\Desktop\STUDIA2021\SEM4\jpo\projekt\TowerDefense\TowerDefense\TowerDefense\World.h(53,41): warning C4244: 'argument': conversion from 'int' to 'T', possible loss of data
          with
          [
              T=float
          ]
C:\Users\Shinpu\Desktop\STUDIA2021\SEM4\jpo\projekt\TowerDefense\TowerDefense\TowerDefense\World.h(53,38): warning C4244: 'argument': conversion from 'int' to 'T', possible loss of data
          with
          [
              T=float
          ]
C:\Users\Shinpu\Desktop\STUDIA2021\SEM4\jpo\projekt\TowerDefense\TowerDefense\TowerDefense\World.h(54,56): warning C4244: 'argument': conversion from 'int' to 'T', possible loss of data
          with
          [
              T=float
          ]
C:\Users\Shinpu\Desktop\STUDIA2021\SEM4\jpo\projekt\TowerDefense\TowerDefense\TowerDefense\World.h(54,44): warning C4244: 'argument': conversion from 'int' to 'T', possible loss of data
          with
          [
              T=float
          ]
C:\Users\Shinpu\Desktop\STUDIA2021\SEM4\jpo\projekt\TowerDefense\TowerDefense\TowerDefense\World.h(55,58): warning C4244: 'argument': conversion from 'int' to 'T', possible loss of data
          with
          [
              T=float
          ]
C:\Users\Shinpu\Desktop\STUDIA2021\SEM4\jpo\projekt\TowerDefense\TowerDefense\TowerDefense\World.h(55,44): warning C4244: 'argument': conversion from 'int' to 'T', possible loss of data
          with
          [
              T=float
          ]
C:\Users\Shinpu\Desktop\STUDIA2021\SEM4\jpo\projekt\TowerDefense\TowerDefense\TowerDefense\World.h(56,47): warning C4244: 'argument': conversion from 'int' to 'T', possible loss of data
          with
          [
              T=float
          ]
C:\Users\Shinpu\Desktop\STUDIA2021\SEM4\jpo\projekt\TowerDefense\TowerDefense\TowerDefense\World.h(56,42): warning C4244: 'argument': conversion from 'int' to 'T', possible loss of data
          with
          [
              T=float
          ]
C:\Users\Shinpu\Desktop\STUDIA2021\SEM4\jpo\projekt\TowerDefense\TowerDefense\TowerDefense\World.h(59,43): warning C4244: 'argument': conversion from 'int' to 'T', possible loss of data
          with
          [
              T=float
          ]
C:\Users\Shinpu\Desktop\STUDIA2021\SEM4\jpo\projekt\TowerDefense\TowerDefense\TowerDefense\World.h(60,53): warning C4244: 'argument': conversion from 'int' to 'T', possible loss of data
          with
          [
              T=float
          ]
C:\Users\Shinpu\Desktop\STUDIA2021\SEM4\jpo\projekt\TowerDefense\TowerDefense\TowerDefense\World.h(60,43): warning C4244: 'argument': conversion from 'int' to 'T', possible loss of data
          with
          [
              T=float
          ]
C:\Users\Shinpu\Desktop\STUDIA2021\SEM4\jpo\projekt\TowerDefense\TowerDefense\TowerDefense\World.h(61,48): warning C4244: 'argument': conversion from 'int' to 'T', possible loss of data
          with
          [
              T=float
          ]
C:\Users\Shinpu\Desktop\STUDIA2021\SEM4\jpo\projekt\TowerDefense\TowerDefense\TowerDefense\World.h(78,70): warning C4244: 'argument': conversion from 'int' to 'T', possible loss of data
          with
          [
              T=float
          ]
C:\Users\Shinpu\Desktop\STUDIA2021\SEM4\jpo\projekt\TowerDefense\TowerDefense\TowerDefense\World.h(78,58): warning C4244: 'argument': conversion from 'int' to 'T', possible loss of data
          with
          [
              T=float
          ]
C:\Users\Shinpu\Desktop\STUDIA2021\SEM4\jpo\projekt\TowerDefense\TowerDefense\TowerDefense\Enemy1.h(46,86): warning C4244: 'argument': conversion from 'int' to 'T', possible loss of data
          with
          [
              T=float
          ]
C:\Users\Shinpu\Desktop\STUDIA2021\SEM4\jpo\projekt\TowerDefense\TowerDefense\TowerDefense\Enemy1.h(46,55): warning C4244: 'argument': conversion from 'int' to 'T', possible loss of data
          with
          [
              T=float
          ]
C:\Users\Shinpu\Desktop\STUDIA2021\SEM4\jpo\projekt\TowerDefense\TowerDefense\TowerDefense\Enemy1.h(49,26): warning C4244: 'argument': conversion from 'T' to 'int', possible loss of data
          with
          [
              T=float
          ]
C:\Users\Shinpu\Desktop\STUDIA2021\SEM4\jpo\projekt\TowerDefense\TowerDefense\TowerDefense\Enemy1.h(49,16): warning C4244: 'argument': conversion from 'T' to 'int', possible loss of data
          with
          [
              T=float
          ]
C:\Users\Shinpu\Desktop\STUDIA2021\SEM4\jpo\projekt\TowerDefense\TowerDefense\TowerDefense\Enemy1.h(82,84): warning C4244: 'argument': conversion from 'T' to 'T', possible loss of data
          with
          [
              T=int
          ]
          and
          [
              T=float
          ]
C:\Users\Shinpu\Desktop\STUDIA2021\SEM4\jpo\projekt\TowerDefense\TowerDefense\TowerDefense\Enemy1.h(82,57): warning C4244: 'argument': conversion from 'T' to 'T', possible loss of data
          with
          [
              T=int
          ]
          and
          [
              T=float
          ]
C:\Users\Shinpu\Desktop\STUDIA2021\SEM4\jpo\projekt\TowerDefense\TowerDefense\TowerDefense\Enemy2.h(47,86): warning C4244: 'argument': conversion from 'int' to 'T', possible loss of data
          with
          [
              T=float
          ]
C:\Users\Shinpu\Desktop\STUDIA2021\SEM4\jpo\projekt\TowerDefense\TowerDefense\TowerDefense\Enemy2.h(47,55): warning C4244: 'argument': conversion from 'int' to 'T', possible loss of data
          with
          [
              T=float
          ]
C:\Users\Shinpu\Desktop\STUDIA2021\SEM4\jpo\projekt\TowerDefense\TowerDefense\TowerDefense\Enemy2.h(48,26): warning C4244: 'argument': conversion from 'T' to 'int', possible loss of data
          with
          [
              T=float
          ]
C:\Users\Shinpu\Desktop\STUDIA2021\SEM4\jpo\projekt\TowerDefense\TowerDefense\TowerDefense\Enemy2.h(48,16): warning C4244: 'argument': conversion from 'T' to 'int', possible loss of data
          with
          [
              T=float
          ]
C:\Users\Shinpu\Desktop\STUDIA2021\SEM4\jpo\projekt\TowerDefense\TowerDefense\TowerDefense\Enemy2.h(78,84): warning C4244: 'argument': conversion from 'T' to 'T', possible loss of data
          with
          [
              T=int
          ]
          and
          [
              T=float
          ]
C:\Users\Shinpu\Desktop\STUDIA2021\SEM4\jpo\projekt\TowerDefense\TowerDefense\TowerDefense\Enemy2.h(78,57): warning C4244: 'argument': conversion from 'T' to 'T', possible loss of data
          with
          [
              T=int
          ]
          and
          [
              T=float
          ]
C:\Users\Shinpu\Desktop\STUDIA2021\SEM4\jpo\projekt\TowerDefense\TowerDefense\TowerDefense\Tower.h(38,55): warning C4244: 'argument': conversion from 'T' to 'T', possible loss of data
          with
          [
              T=int
          ]
          and
          [
              T=float
          ]
C:\Users\Shinpu\Desktop\STUDIA2021\SEM4\jpo\projekt\TowerDefense\TowerDefense\TowerDefense\Tower.h(38,43): warning C4244: 'argument': conversion from 'T' to 'T', possible loss of data
          with
          [
              T=int
          ]
          and
          [
              T=float
          ]
C:\Users\Shinpu\Desktop\STUDIA2021\SEM4\jpo\projekt\TowerDefense\TowerDefense\TowerDefense\Tower.h(39,17): warning C4244: 'initializing': conversion from 'int' to 'float', possible loss of data
C:\Users\Shinpu\Desktop\STUDIA2021\SEM4\jpo\projekt\TowerDefense\TowerDefense\TowerDefense\Projectile1.h(26,52): warning C4244: 'argument': conversion from 'T' to 'int', possible loss of data
          with
          [
              T=float
          ]
C:\Users\Shinpu\Desktop\STUDIA2021\SEM4\jpo\projekt\TowerDefense\TowerDefense\TowerDefense\Projectile1.h(26,29): warning C4244: 'argument': conversion from 'T' to 'int', possible loss of data
          with
          [
              T=float
          ]
C:\Users\Shinpu\Desktop\STUDIA2021\SEM4\jpo\projekt\TowerDefense\TowerDefense\TowerDefense\Game.h(233,67): warning C4244: 'argument': conversion from 'T' to 'T', possible loss of data
          with
          [
              T=int
          ]
          and
          [
              T=float
          ]
C:\Users\Shinpu\Desktop\STUDIA2021\SEM4\jpo\projekt\TowerDefense\TowerDefense\TowerDefense\Game.h(233,56): warning C4244: 'argument': conversion from 'T' to 'T', possible loss of data
          with
          [
              T=int
          ]
          and
          [
              T=float
          ]
C:\Users\Shinpu\Desktop\STUDIA2021\SEM4\jpo\projekt\TowerDefense\TowerDefense\TowerDefense\Game.h(246,62): warning C4244: 'argument': conversion from 'T' to 'T', possible loss of data
          with
          [
              T=int
          ]
          and
          [
              T=float
          ]
C:\Users\Shinpu\Desktop\STUDIA2021\SEM4\jpo\projekt\TowerDefense\TowerDefense\TowerDefense\Game.h(246,50): warning C4244: 'argument': conversion from 'T' to 'T', possible loss of data
          with
          [
              T=int
          ]
          and
          [
              T=float
          ]
  TowerDefense.vcxproj -> C:\Users\Shinpu\Desktop\STUDIA2021\SEM4\jpo\projekt\TowerDefense\TowerDefense\x64\Debug\TowerDefense.exe
